<?xml version="1.0" encoding="UTF-8"?>
<!-- Generated by org.testng.reporters.JUnitReportReporter -->
<testsuite name="testngebaytestdataprovider.Halfebaytest" tests="2" time="47.546" ignored="0" failures="0" timestamp="25 Mar 2018 15:45:51 GMT" skipped="0" hostname="SURESHKRISHNAN" errors="0">
  <testcase name="registerebay" time="25.230" classname="testngebaytestdataprovider.Halfebaytest"/>
  <testcase name="registerebay" time="22.316" classname="testngebaytestdataprovider.Halfebaytest"/>
</testsuite> <!-- testngebaytestdataprovider.Halfebaytest -->
